[Wed Jun 04 2014 11:15:08 GMT+0800 (CST)]/u/baiyu
TypeError: /home/jason/Node/Blog/blog/views/user.ejs:12
    10|          <% })} %>
    11|          <% if(post.reprint_info && post.reprint_info.reprint_from) { %>
 >> 12|              <br/><a href="/u/<%= post.reprint_info.reprint_from.name %>/<%= post.reprint_info.reprint_from.time.day %>/<%= post.reprint_info.reprint_from.title%>">source article</a>
    13|          <% } %>
    14|      </p>
    15|      <%- post.post %>

Cannot read property 'day' of undefined
    at buf.push.
.buf (eval at <anonymous> (/home/jason/Node/Blog/blog/node_modules/ejs/lib/ejs.js:242:14), <anonymous>:31:1043)
    at Array.forEach (native)
    at eval (eval at <anonymous> (/home/jason/Node/Blog/blog/node_modules/ejs/lib/ejs.js:242:14), <anonymous>:31:70)
    at eval (eval at <anonymous> (/home/jason/Node/Blog/blog/node_modules/ejs/lib/ejs.js:242:14), <anonymous>:35:37)
    at /home/jason/Node/Blog/blog/node_modules/ejs/lib/ejs.js:255:15
    at Object.exports.render (/home/jason/Node/Blog/blog/node_modules/ejs/lib/ejs.js:293:13)
    at View.exports.renderFile [as engine] (/home/jason/Node/Blog/blog/node_modules/ejs/lib/ejs.js:323:20)
    at View.render (/home/jason/Node/Blog/blog/node_modules/express/lib/view.js:76:8)
    at Function.app.render (/home/jason/Node/Blog/blog/node_modules/express/lib/application.js:500:10)
    at ServerResponse.res.render (/home/jason/Node/Blog/blog/node_modules/express/lib/response.js:821:7)
[Wed Jun 04 2014 11:15:17 GMT+0800 (CST)]/u/baiyu
TypeError: /home/jason/Node/Blog/blog/views/user.ejs:12
    10|          <% })} %>
    11|          <% if(post.reprint_info && post.reprint_info.reprint_from) { %>
 >> 12|              <br/><a href="/u/<%= post.reprint_info.reprint_from.name %>/<%= post.reprint_info.reprint_from.time.day %>/<%= post.reprint_info.reprint_from.title%>">source article</a>
    13|          <% } %>
    14|      </p>
    15|      <%- post.post %>

Cannot read property 'day' of undefined
    at buf.push.
.buf (eval at <anonymous> (/home/jason/Node/Blog/blog/node_modules/ejs/lib/ejs.js:242:14), <anonymous>:31:1043)
    at Array.forEach (native)
    at eval (eval at <anonymous> (/home/jason/Node/Blog/blog/node_modules/ejs/lib/ejs.js:242:14), <anonymous>:31:70)
    at eval (eval at <anonymous> (/home/jason/Node/Blog/blog/node_modules/ejs/lib/ejs.js:242:14), <anonymous>:35:37)
    at /home/jason/Node/Blog/blog/node_modules/ejs/lib/ejs.js:255:15
    at Object.exports.render (/home/jason/Node/Blog/blog/node_modules/ejs/lib/ejs.js:293:13)
    at View.exports.renderFile [as engine] (/home/jason/Node/Blog/blog/node_modules/ejs/lib/ejs.js:323:20)
    at View.render (/home/jason/Node/Blog/blog/node_modules/express/lib/view.js:76:8)
    at Function.app.render (/home/jason/Node/Blog/blog/node_modules/express/lib/application.js:500:10)
    at ServerResponse.res.render (/home/jason/Node/Blog/blog/node_modules/express/lib/response.js:821:7)
[Wed Jun 04 2014 11:18:28 GMT+0800 (CST)]/u/baiyu
TypeError: /home/jason/Node/Blog/blog/views/user.ejs:12
    10|          <% })} %>
    11|          <% if(post.reprint_info && post.reprint_info.reprint_from) { %>
 >> 12|              <br/><a href="/u/<%= post.reprint_info.reprint_from.name %>/<%= post.reprint_info.reprint_from.time.day %>/<%= post.reprint_info.reprint_from.title%>">source article</a>
    13|          <% } %>
    14|      </p>
    15|      <%- post.post %>

Cannot read property 'day' of undefined
    at buf.push.
.buf (eval at <anonymous> (/home/jason/Node/Blog/blog/node_modules/ejs/lib/ejs.js:242:14), <anonymous>:31:1043)
    at Array.forEach (native)
    at eval (eval at <anonymous> (/home/jason/Node/Blog/blog/node_modules/ejs/lib/ejs.js:242:14), <anonymous>:31:70)
    at eval (eval at <anonymous> (/home/jason/Node/Blog/blog/node_modules/ejs/lib/ejs.js:242:14), <anonymous>:35:37)
    at /home/jason/Node/Blog/blog/node_modules/ejs/lib/ejs.js:255:15
    at Object.exports.render (/home/jason/Node/Blog/blog/node_modules/ejs/lib/ejs.js:293:13)
    at View.exports.renderFile [as engine] (/home/jason/Node/Blog/blog/node_modules/ejs/lib/ejs.js:323:20)
    at View.render (/home/jason/Node/Blog/blog/node_modules/express/lib/view.js:76:8)
    at Function.app.render (/home/jason/Node/Blog/blog/node_modules/express/lib/application.js:500:10)
    at ServerResponse.res.render (/home/jason/Node/Blog/blog/node_modules/express/lib/response.js:821:7)
[Wed Jun 04 2014 11:19:41 GMT+0800 (CST)]/u/baiyu
TypeError: /home/jason/Node/Blog/blog/views/user.ejs:12
    10|          <% })} %>
    11|          <% if(post.reprint_info && post.reprint_info.reprint_from) { %>
 >> 12|              <br/><a href="/u/<%= post.reprint_info.reprint_from.name %>/<%= post.reprint_info.reprint_from.time.day %>/<%= post.reprint_info.reprint_from.title%>">source article</a>
    13|          <% } %>
    14|      </p>
    15|      <%- post.post %>

Cannot read property 'day' of undefined
    at buf.push.
.buf (eval at <anonymous> (/home/jason/Node/Blog/blog/node_modules/ejs/lib/ejs.js:242:14), <anonymous>:31:1043)
    at Array.forEach (native)
    at eval (eval at <anonymous> (/home/jason/Node/Blog/blog/node_modules/ejs/lib/ejs.js:242:14), <anonymous>:31:70)
    at eval (eval at <anonymous> (/home/jason/Node/Blog/blog/node_modules/ejs/lib/ejs.js:242:14), <anonymous>:35:37)
    at /home/jason/Node/Blog/blog/node_modules/ejs/lib/ejs.js:255:15
    at Object.exports.render (/home/jason/Node/Blog/blog/node_modules/ejs/lib/ejs.js:293:13)
    at View.exports.renderFile [as engine] (/home/jason/Node/Blog/blog/node_modules/ejs/lib/ejs.js:323:20)
    at View.render (/home/jason/Node/Blog/blog/node_modules/express/lib/view.js:76:8)
    at Function.app.render (/home/jason/Node/Blog/blog/node_modules/express/lib/application.js:500:10)
    at ServerResponse.res.render (/home/jason/Node/Blog/blog/node_modules/express/lib/response.js:821:7)
[Wed Jun 04 2014 11:19:50 GMT+0800 (CST)]/u/baiyu
TypeError: /home/jason/Node/Blog/blog/views/user.ejs:12
    10|          <% })} %>
    11|          <% if(post.reprint_info && post.reprint_info.reprint_from) { %>
 >> 12|              <br/><a href="/u/<%= post.reprint_info.reprint_from.name %>/<%= post.reprint_info.reprint_from.time.day %>/<%= post.reprint_info.reprint_from.title%>">source article</a>
    13|          <% } %>
    14|      </p>
    15|      <%- post.post %>

Cannot read property 'day' of undefined
    at buf.push.
.buf (eval at <anonymous> (/home/jason/Node/Blog/blog/node_modules/ejs/lib/ejs.js:242:14), <anonymous>:31:1043)
    at Array.forEach (native)
    at eval (eval at <anonymous> (/home/jason/Node/Blog/blog/node_modules/ejs/lib/ejs.js:242:14), <anonymous>:31:70)
    at eval (eval at <anonymous> (/home/jason/Node/Blog/blog/node_modules/ejs/lib/ejs.js:242:14), <anonymous>:35:37)
    at /home/jason/Node/Blog/blog/node_modules/ejs/lib/ejs.js:255:15
    at Object.exports.render (/home/jason/Node/Blog/blog/node_modules/ejs/lib/ejs.js:293:13)
    at View.exports.renderFile [as engine] (/home/jason/Node/Blog/blog/node_modules/ejs/lib/ejs.js:323:20)
    at View.render (/home/jason/Node/Blog/blog/node_modules/express/lib/view.js:76:8)
    at Function.app.render (/home/jason/Node/Blog/blog/node_modules/express/lib/application.js:500:10)
    at ServerResponse.res.render (/home/jason/Node/Blog/blog/node_modules/express/lib/response.js:821:7)
[Wed Jun 04 2014 11:20:06 GMT+0800 (CST)]/u/baiyu
TypeError: /home/jason/Node/Blog/blog/views/user.ejs:12
    10|          <% })} %>
    11|          <% if(post.reprint_info && post.reprint_info.reprint_from) { %>
 >> 12|              <br/><a href="/u/<%= post.reprint_info.reprint_from.name %>/<%= post.reprint_info.reprint_from.time.day %>/<%= post.reprint_info.reprint_from.title%>">source article</a>
    13|          <% } %>
    14|      </p>
    15|      <%- post.post %>

Cannot read property 'day' of undefined
    at buf.push.
.buf (eval at <anonymous> (/home/jason/Node/Blog/blog/node_modules/ejs/lib/ejs.js:242:14), <anonymous>:31:1043)
    at Array.forEach (native)
    at eval (eval at <anonymous> (/home/jason/Node/Blog/blog/node_modules/ejs/lib/ejs.js:242:14), <anonymous>:31:70)
    at eval (eval at <anonymous> (/home/jason/Node/Blog/blog/node_modules/ejs/lib/ejs.js:242:14), <anonymous>:35:37)
    at /home/jason/Node/Blog/blog/node_modules/ejs/lib/ejs.js:255:15
    at Object.exports.render (/home/jason/Node/Blog/blog/node_modules/ejs/lib/ejs.js:293:13)
    at View.exports.renderFile [as engine] (/home/jason/Node/Blog/blog/node_modules/ejs/lib/ejs.js:323:20)
    at View.render (/home/jason/Node/Blog/blog/node_modules/express/lib/view.js:76:8)
    at Function.app.render (/home/jason/Node/Blog/blog/node_modules/express/lib/application.js:500:10)
    at ServerResponse.res.render (/home/jason/Node/Blog/blog/node_modules/express/lib/response.js:821:7)
[Wed Jun 04 2014 11:20:25 GMT+0800 (CST)]/u/baiyu
TypeError: /home/jason/Node/Blog/blog/views/user.ejs:12
    10|          <% })} %>
    11|          <% if(post.reprint_info && post.reprint_info.reprint_from) { %>
 >> 12|              <br/><a href="/u/<%= post.reprint_info.reprint_from.name %>/<%= post.reprint_info.reprint_from.time.day %>/<%= post.reprint_info.reprint_from.title%>">source article</a>
    13|          <% } %>
    14|      </p>
    15|      <%- post.post %>

Cannot read property 'day' of undefined
    at buf.push.
.buf (eval at <anonymous> (/home/jason/Node/Blog/blog/node_modules/ejs/lib/ejs.js:242:14), <anonymous>:31:1043)
    at Array.forEach (native)
    at eval (eval at <anonymous> (/home/jason/Node/Blog/blog/node_modules/ejs/lib/ejs.js:242:14), <anonymous>:31:70)
    at eval (eval at <anonymous> (/home/jason/Node/Blog/blog/node_modules/ejs/lib/ejs.js:242:14), <anonymous>:35:37)
    at /home/jason/Node/Blog/blog/node_modules/ejs/lib/ejs.js:255:15
    at Object.exports.render (/home/jason/Node/Blog/blog/node_modules/ejs/lib/ejs.js:293:13)
    at View.exports.renderFile [as engine] (/home/jason/Node/Blog/blog/node_modules/ejs/lib/ejs.js:323:20)
    at View.render (/home/jason/Node/Blog/blog/node_modules/express/lib/view.js:76:8)
    at Function.app.render (/home/jason/Node/Blog/blog/node_modules/express/lib/application.js:500:10)
    at ServerResponse.res.render (/home/jason/Node/Blog/blog/node_modules/express/lib/response.js:821:7)
[Wed Jun 04 2014 11:24:19 GMT+0800 (CST)]/u/baiyu
TypeError: /home/jason/Node/Blog/blog/views/user.ejs:12
    10|          <% })} %>
    11|          <% if(post.reprint_info && post.reprint_info.reprint_from) { %>
 >> 12|              <br/><a href="/u/<%= post.reprint_info.reprint_from.name %>/<%= post.reprint_info.reprint_from.time.day %>/<%= post.reprint_info.reprint_from.title%>">source article</a>
    13|          <% } %>
    14|      </p>
    15|      <%- post.post %>

Cannot read property 'day' of undefined
    at buf.push.
.buf (eval at <anonymous> (/home/jason/Node/Blog/blog/node_modules/ejs/lib/ejs.js:242:14), <anonymous>:31:1043)
    at Array.forEach (native)
    at eval (eval at <anonymous> (/home/jason/Node/Blog/blog/node_modules/ejs/lib/ejs.js:242:14), <anonymous>:31:70)
    at eval (eval at <anonymous> (/home/jason/Node/Blog/blog/node_modules/ejs/lib/ejs.js:242:14), <anonymous>:35:37)
    at /home/jason/Node/Blog/blog/node_modules/ejs/lib/ejs.js:255:15
    at Object.exports.render (/home/jason/Node/Blog/blog/node_modules/ejs/lib/ejs.js:293:13)
    at View.exports.renderFile [as engine] (/home/jason/Node/Blog/blog/node_modules/ejs/lib/ejs.js:323:20)
    at View.render (/home/jason/Node/Blog/blog/node_modules/express/lib/view.js:76:8)
    at Function.app.render (/home/jason/Node/Blog/blog/node_modules/express/lib/application.js:500:10)
    at ServerResponse.res.render (/home/jason/Node/Blog/blog/node_modules/express/lib/response.js:821:7)
[Wed Jun 04 2014 11:24:39 GMT+0800 (CST)]/u/baiyu
TypeError: /home/jason/Node/Blog/blog/views/user.ejs:12
    10|          <% })} %>
    11|          <% if(post.reprint_info && post.reprint_info.reprint_from) { %>
 >> 12|              <br/><a href="/u/<%= post.reprint_info.reprint_from.name %>/<%= post.reprint_info.reprint_from.time.day %>/<%= post.reprint_info.reprint_from.title%>">source article</a>
    13|          <% } %>
    14|      </p>
    15|      <%- post.post %>

Cannot read property 'day' of undefined
    at buf.push.
.buf (eval at <anonymous> (/home/jason/Node/Blog/blog/node_modules/ejs/lib/ejs.js:242:14), <anonymous>:31:1043)
    at Array.forEach (native)
    at eval (eval at <anonymous> (/home/jason/Node/Blog/blog/node_modules/ejs/lib/ejs.js:242:14), <anonymous>:31:70)
    at eval (eval at <anonymous> (/home/jason/Node/Blog/blog/node_modules/ejs/lib/ejs.js:242:14), <anonymous>:35:37)
    at /home/jason/Node/Blog/blog/node_modules/ejs/lib/ejs.js:255:15
    at Object.exports.render (/home/jason/Node/Blog/blog/node_modules/ejs/lib/ejs.js:293:13)
    at View.exports.renderFile [as engine] (/home/jason/Node/Blog/blog/node_modules/ejs/lib/ejs.js:323:20)
    at View.render (/home/jason/Node/Blog/blog/node_modules/express/lib/view.js:76:8)
    at Function.app.render (/home/jason/Node/Blog/blog/node_modules/express/lib/application.js:500:10)
    at ServerResponse.res.render (/home/jason/Node/Blog/blog/node_modules/express/lib/response.js:821:7)
[Wed Jun 04 2014 11:25:01 GMT+0800 (CST)]/u/baiyu
TypeError: /home/jason/Node/Blog/blog/views/user.ejs:12
    10|          <% })} %>
    11|          <% if(post.reprint_info && post.reprint_info.reprint_from) { %>
 >> 12|              <br/><a href="/u/<%= post.reprint_info.reprint_from.name %>/<%= post.reprint_info.reprint_from.time.day %>/<%= post.reprint_info.reprint_from.title%>">source article</a>
    13|          <% } %>
    14|      </p>
    15|      <%- post.post %>

Cannot read property 'day' of undefined
    at buf.push.
.buf (eval at <anonymous> (/home/jason/Node/Blog/blog/node_modules/ejs/lib/ejs.js:242:14), <anonymous>:31:1043)
    at Array.forEach (native)
    at eval (eval at <anonymous> (/home/jason/Node/Blog/blog/node_modules/ejs/lib/ejs.js:242:14), <anonymous>:31:70)
    at eval (eval at <anonymous> (/home/jason/Node/Blog/blog/node_modules/ejs/lib/ejs.js:242:14), <anonymous>:35:37)
    at /home/jason/Node/Blog/blog/node_modules/ejs/lib/ejs.js:255:15
    at Object.exports.render (/home/jason/Node/Blog/blog/node_modules/ejs/lib/ejs.js:293:13)
    at View.exports.renderFile [as engine] (/home/jason/Node/Blog/blog/node_modules/ejs/lib/ejs.js:323:20)
    at View.render (/home/jason/Node/Blog/blog/node_modules/express/lib/view.js:76:8)
    at Function.app.render (/home/jason/Node/Blog/blog/node_modules/express/lib/application.js:500:10)
    at ServerResponse.res.render (/home/jason/Node/Blog/blog/node_modules/express/lib/response.js:821:7)
[Wed Jun 04 2014 11:26:28 GMT+0800 (CST)]/u/baiyu
TypeError: /home/jason/Node/Blog/blog/views/user.ejs:12
    10|          <% })} %>
    11|          <% if(post.reprint_info && post.reprint_info.reprint_from) { %>
 >> 12|              <br/><a href="/u/<%= post.reprint_info.reprint_from.name %>/<%= post.reprint_info.reprint_from.time.day %>/<%= post.reprint_info.reprint_from.title%>">source article</a>
    13|          <% } %>
    14|      </p>
    15|      <%- post.post %>

Cannot read property 'day' of undefined
    at buf.push.
.buf (eval at <anonymous> (/home/jason/Node/Blog/blog/node_modules/ejs/lib/ejs.js:242:14), <anonymous>:31:1043)
    at Array.forEach (native)
    at eval (eval at <anonymous> (/home/jason/Node/Blog/blog/node_modules/ejs/lib/ejs.js:242:14), <anonymous>:31:70)
    at eval (eval at <anonymous> (/home/jason/Node/Blog/blog/node_modules/ejs/lib/ejs.js:242:14), <anonymous>:35:37)
    at /home/jason/Node/Blog/blog/node_modules/ejs/lib/ejs.js:255:15
    at Object.exports.render (/home/jason/Node/Blog/blog/node_modules/ejs/lib/ejs.js:293:13)
    at View.exports.renderFile [as engine] (/home/jason/Node/Blog/blog/node_modules/ejs/lib/ejs.js:323:20)
    at View.render (/home/jason/Node/Blog/blog/node_modules/express/lib/view.js:76:8)
    at Function.app.render (/home/jason/Node/Blog/blog/node_modules/express/lib/application.js:500:10)
    at ServerResponse.res.render (/home/jason/Node/Blog/blog/node_modules/express/lib/response.js:821:7)
[Wed Jun 04 2014 11:26:52 GMT+0800 (CST)]/u/baiyu
TypeError: /home/jason/Node/Blog/blog/views/user.ejs:12
    10|          <% })} %>
    11|          <% if(post.reprint_info && post.reprint_info.reprint_from) { %>
 >> 12|              <br/><a href="/u/<%= post.reprint_info.reprint_from.name %>/<%= post.reprint_info.reprint_from.time.day %>/<%= post.reprint_info.reprint_from.title%>">source article</a>
    13|          <% } %>
    14|      </p>
    15|      <%- post.post %>

Cannot read property 'day' of undefined
    at buf.push.
.buf (eval at <anonymous> (/home/jason/Node/Blog/blog/node_modules/ejs/lib/ejs.js:242:14), <anonymous>:31:1043)
    at Array.forEach (native)
    at eval (eval at <anonymous> (/home/jason/Node/Blog/blog/node_modules/ejs/lib/ejs.js:242:14), <anonymous>:31:70)
    at eval (eval at <anonymous> (/home/jason/Node/Blog/blog/node_modules/ejs/lib/ejs.js:242:14), <anonymous>:35:37)
    at /home/jason/Node/Blog/blog/node_modules/ejs/lib/ejs.js:255:15
    at Object.exports.render (/home/jason/Node/Blog/blog/node_modules/ejs/lib/ejs.js:293:13)
    at View.exports.renderFile [as engine] (/home/jason/Node/Blog/blog/node_modules/ejs/lib/ejs.js:323:20)
    at View.render (/home/jason/Node/Blog/blog/node_modules/express/lib/view.js:76:8)
    at Function.app.render (/home/jason/Node/Blog/blog/node_modules/express/lib/application.js:500:10)
    at ServerResponse.res.render (/home/jason/Node/Blog/blog/node_modules/express/lib/response.js:821:7)
[Wed Jun 04 2014 11:27:23 GMT+0800 (CST)]/u/baiyu
TypeError: /home/jason/Node/Blog/blog/views/user.ejs:12
    10|          <% })} %>
    11|          <% if(post.reprint_info && post.reprint_info.reprint_from) { %>
 >> 12|              <br/><a href="/u/<%= post.reprint_info.reprint_from.name %>/<%= post.reprint_info.reprint_from.time.day %>/<%= post.reprint_info.reprint_from.title%>">source article</a>
    13|          <% } %>
    14|      </p>
    15|      <%- post.post %>

Cannot read property 'day' of undefined
    at buf.push.
.buf (eval at <anonymous> (/home/jason/Node/Blog/blog/node_modules/ejs/lib/ejs.js:242:14), <anonymous>:31:1043)
    at Array.forEach (native)
    at eval (eval at <anonymous> (/home/jason/Node/Blog/blog/node_modules/ejs/lib/ejs.js:242:14), <anonymous>:31:70)
    at eval (eval at <anonymous> (/home/jason/Node/Blog/blog/node_modules/ejs/lib/ejs.js:242:14), <anonymous>:35:37)
    at /home/jason/Node/Blog/blog/node_modules/ejs/lib/ejs.js:255:15
    at Object.exports.render (/home/jason/Node/Blog/blog/node_modules/ejs/lib/ejs.js:293:13)
    at View.exports.renderFile [as engine] (/home/jason/Node/Blog/blog/node_modules/ejs/lib/ejs.js:323:20)
    at View.render (/home/jason/Node/Blog/blog/node_modules/express/lib/view.js:76:8)
    at Function.app.render (/home/jason/Node/Blog/blog/node_modules/express/lib/application.js:500:10)
    at ServerResponse.res.render (/home/jason/Node/Blog/blog/node_modules/express/lib/response.js:821:7)
[Wed Jun 04 2014 11:30:50 GMT+0800 (CST)]/u/baiyu
TypeError: /home/jason/Node/Blog/blog/views/user.ejs:12
    10|          <% })} %>
    11|          <% if(post.reprint_info && post.reprint_info.reprint_from) { %>
 >> 12|              <br/><a href="/u/<%= post.reprint_info.reprint_from.name %>/<%= post.reprint_info.reprint_from.time.day %>/<%= post.reprint_info.reprint_from.title%>">source article</a>
    13|          <% } %>
    14|      </p>
    15|      <%- post.post %>

Cannot read property 'day' of undefined
    at buf.push.
.buf (eval at <anonymous> (/home/jason/Node/Blog/blog/node_modules/ejs/lib/ejs.js:242:14), <anonymous>:31:1043)
    at Array.forEach (native)
    at eval (eval at <anonymous> (/home/jason/Node/Blog/blog/node_modules/ejs/lib/ejs.js:242:14), <anonymous>:31:70)
    at eval (eval at <anonymous> (/home/jason/Node/Blog/blog/node_modules/ejs/lib/ejs.js:242:14), <anonymous>:35:37)
    at /home/jason/Node/Blog/blog/node_modules/ejs/lib/ejs.js:255:15
    at Object.exports.render (/home/jason/Node/Blog/blog/node_modules/ejs/lib/ejs.js:293:13)
    at View.exports.renderFile [as engine] (/home/jason/Node/Blog/blog/node_modules/ejs/lib/ejs.js:323:20)
    at View.render (/home/jason/Node/Blog/blog/node_modules/express/lib/view.js:76:8)
    at Function.app.render (/home/jason/Node/Blog/blog/node_modules/express/lib/application.js:500:10)
    at ServerResponse.res.render (/home/jason/Node/Blog/blog/node_modules/express/lib/response.js:821:7)
[Wed Jun 04 2014 11:32:28 GMT+0800 (CST)]/u/baiyu
TypeError: /home/jason/Node/Blog/blog/views/user.ejs:12
    10|          <% })} %>
    11|          <% if(post.reprint_info && post.reprint_info.reprint_from) { %>
 >> 12|              <br/><a href="/u/<%= post.reprint_info.reprint_from.name %>/<%= post.reprint_info.reprint_from.time.day %>/<%= post.reprint_info.reprint_from.title%>">source article</a>
    13|          <% } %>
    14|      </p>
    15|      <%- post.post %>

Cannot read property 'day' of undefined
    at buf.push.
.buf (eval at <anonymous> (/home/jason/Node/Blog/blog/node_modules/ejs/lib/ejs.js:242:14), <anonymous>:31:1043)
    at Array.forEach (native)
    at eval (eval at <anonymous> (/home/jason/Node/Blog/blog/node_modules/ejs/lib/ejs.js:242:14), <anonymous>:31:70)
    at eval (eval at <anonymous> (/home/jason/Node/Blog/blog/node_modules/ejs/lib/ejs.js:242:14), <anonymous>:35:37)
    at /home/jason/Node/Blog/blog/node_modules/ejs/lib/ejs.js:255:15
    at Object.exports.render (/home/jason/Node/Blog/blog/node_modules/ejs/lib/ejs.js:293:13)
    at View.exports.renderFile [as engine] (/home/jason/Node/Blog/blog/node_modules/ejs/lib/ejs.js:323:20)
    at View.render (/home/jason/Node/Blog/blog/node_modules/express/lib/view.js:76:8)
    at Function.app.render (/home/jason/Node/Blog/blog/node_modules/express/lib/application.js:500:10)
    at ServerResponse.res.render (/home/jason/Node/Blog/blog/node_modules/express/lib/response.js:821:7)
[Wed Jun 04 2014 11:33:53 GMT+0800 (CST)]/u/baiyu
TypeError: /home/jason/Node/Blog/blog/views/user.ejs:12
    10|          <% })} %>
    11|          <% if(post.reprint_info && post.reprint_info.reprint_from) { %>
 >> 12|              <br/><a href="/u/<%= post.reprint_info.reprint_from.name %>/<%= post.reprint_info.reprint_from.time.day %>/<%= post.reprint_info.reprint_from.title%>">source article</a>
    13|          <% } %>
    14|      </p>
    15|      <%- post.post %>

Cannot read property 'day' of undefined
    at buf.push.
.buf (eval at <anonymous> (/home/jason/Node/Blog/blog/node_modules/ejs/lib/ejs.js:242:14), <anonymous>:31:1043)
    at Array.forEach (native)
    at eval (eval at <anonymous> (/home/jason/Node/Blog/blog/node_modules/ejs/lib/ejs.js:242:14), <anonymous>:31:70)
    at eval (eval at <anonymous> (/home/jason/Node/Blog/blog/node_modules/ejs/lib/ejs.js:242:14), <anonymous>:35:37)
    at /home/jason/Node/Blog/blog/node_modules/ejs/lib/ejs.js:255:15
    at Object.exports.render (/home/jason/Node/Blog/blog/node_modules/ejs/lib/ejs.js:293:13)
    at View.exports.renderFile [as engine] (/home/jason/Node/Blog/blog/node_modules/ejs/lib/ejs.js:323:20)
    at View.render (/home/jason/Node/Blog/blog/node_modules/express/lib/view.js:76:8)
    at Function.app.render (/home/jason/Node/Blog/blog/node_modules/express/lib/application.js:500:10)
    at ServerResponse.res.render (/home/jason/Node/Blog/blog/node_modules/express/lib/response.js:821:7)
[Wed Jun 04 2014 11:40:23 GMT+0800 (CST)]/u/baiyu
TypeError: /home/jason/Node/Blog/blog/views/user.ejs:12
    10|          <% })} %>
    11|          <% if(post.reprint_info && post.reprint_info.reprint_from) { %>
 >> 12|              <br/><a href="/u/<%= post.reprint_info.reprint_from.name %>/<%= post.reprint_info.reprint_from.time.day %>/<%= post.reprint_info.reprint_from.title%>">source article</a>
    13|          <% } %>
    14|      </p>
    15|      <%- post.post %>

Cannot read property 'day' of undefined
    at buf.push.
.buf (eval at <anonymous> (/home/jason/Node/Blog/blog/node_modules/ejs/lib/ejs.js:242:14), <anonymous>:31:1043)
    at Array.forEach (native)
    at eval (eval at <anonymous> (/home/jason/Node/Blog/blog/node_modules/ejs/lib/ejs.js:242:14), <anonymous>:31:70)
    at eval (eval at <anonymous> (/home/jason/Node/Blog/blog/node_modules/ejs/lib/ejs.js:242:14), <anonymous>:35:37)
    at /home/jason/Node/Blog/blog/node_modules/ejs/lib/ejs.js:255:15
    at Object.exports.render (/home/jason/Node/Blog/blog/node_modules/ejs/lib/ejs.js:293:13)
    at View.exports.renderFile [as engine] (/home/jason/Node/Blog/blog/node_modules/ejs/lib/ejs.js:323:20)
    at View.render (/home/jason/Node/Blog/blog/node_modules/express/lib/view.js:76:8)
    at Function.app.render (/home/jason/Node/Blog/blog/node_modules/express/lib/application.js:500:10)
    at ServerResponse.res.render (/home/jason/Node/Blog/blog/node_modules/express/lib/response.js:821:7)
[Wed Jun 04 2014 11:41:53 GMT+0800 (CST)]/u/baiyu
TypeError: /home/jason/Node/Blog/blog/views/user.ejs:12
    10|          <% })} %>
    11|          <% if(post.reprint_info && post.reprint_info.reprint_from) { %>
 >> 12|              <br/><a href="/u/<%= post.reprint_info.reprint_from.name %>/<%= post.reprint_info.reprint_from.time.day %>/<%= post.reprint_info.reprint_from.title%>">source article</a>
    13|          <% } %>
    14|      </p>
    15|      <%- post.post %>

Cannot read property 'day' of undefined
    at buf.push.
.buf (eval at <anonymous> (/home/jason/Node/Blog/blog/node_modules/ejs/lib/ejs.js:242:14), <anonymous>:31:1043)
    at Array.forEach (native)
    at eval (eval at <anonymous> (/home/jason/Node/Blog/blog/node_modules/ejs/lib/ejs.js:242:14), <anonymous>:31:70)
    at eval (eval at <anonymous> (/home/jason/Node/Blog/blog/node_modules/ejs/lib/ejs.js:242:14), <anonymous>:35:37)
    at /home/jason/Node/Blog/blog/node_modules/ejs/lib/ejs.js:255:15
    at Object.exports.render (/home/jason/Node/Blog/blog/node_modules/ejs/lib/ejs.js:293:13)
    at View.exports.renderFile [as engine] (/home/jason/Node/Blog/blog/node_modules/ejs/lib/ejs.js:323:20)
    at View.render (/home/jason/Node/Blog/blog/node_modules/express/lib/view.js:76:8)
    at Function.app.render (/home/jason/Node/Blog/blog/node_modules/express/lib/application.js:500:10)
    at ServerResponse.res.render (/home/jason/Node/Blog/blog/node_modules/express/lib/response.js:821:7)
[Wed Jun 04 2014 14:16:57 GMT+0800 (CST)]/u/baiyu
TypeError: /home/jason/Node/Blog/blog/views/user.ejs:12
    10|          <% })} %>
    11|          <% if(post.reprint_info && post.reprint_info.reprint_from) { %>
 >> 12|              <br/><a href="/u/<%= post.reprint_info.reprint_from.name %>/<%= post.reprint_info.reprint_from.time.day %>/<%= post.reprint_info.reprint_from.title%>">source article</a>
    13|          <% } %>
    14|      </p>
    15|      <%- post.post %>

Cannot read property 'day' of undefined
    at buf.push.
.buf (eval at <anonymous> (/home/jason/Node/Blog/blog/node_modules/ejs/lib/ejs.js:242:14), <anonymous>:31:1043)
    at Array.forEach (native)
    at eval (eval at <anonymous> (/home/jason/Node/Blog/blog/node_modules/ejs/lib/ejs.js:242:14), <anonymous>:31:70)
    at eval (eval at <anonymous> (/home/jason/Node/Blog/blog/node_modules/ejs/lib/ejs.js:242:14), <anonymous>:35:37)
    at /home/jason/Node/Blog/blog/node_modules/ejs/lib/ejs.js:255:15
    at Object.exports.render (/home/jason/Node/Blog/blog/node_modules/ejs/lib/ejs.js:293:13)
    at View.exports.renderFile [as engine] (/home/jason/Node/Blog/blog/node_modules/ejs/lib/ejs.js:323:20)
    at View.render (/home/jason/Node/Blog/blog/node_modules/express/lib/view.js:76:8)
    at Function.app.render (/home/jason/Node/Blog/blog/node_modules/express/lib/application.js:500:10)
    at ServerResponse.res.render (/home/jason/Node/Blog/blog/node_modules/express/lib/response.js:821:7)
[Wed Jun 04 2014 14:17:53 GMT+0800 (CST)]/u/baiyu
TypeError: /home/jason/Node/Blog/blog/views/user.ejs:12
    10|          <% })} %>
    11|          <% if(post.reprint_info && post.reprint_info.reprint_from) { %>
 >> 12|              <br/><a href="/u/<%= post.reprint_info.reprint_from.name %>/<%= post.reprint_info.reprint_from.time.day %>/<%= post.reprint_info.reprint_from.title%>">source article</a>
    13|          <% } %>
    14|      </p>
    15|      <%- post.post %>

Cannot read property 'day' of undefined
    at buf.push.
.buf (eval at <anonymous> (/home/jason/Node/Blog/blog/node_modules/ejs/lib/ejs.js:242:14), <anonymous>:31:1043)
    at Array.forEach (native)
    at eval (eval at <anonymous> (/home/jason/Node/Blog/blog/node_modules/ejs/lib/ejs.js:242:14), <anonymous>:31:70)
    at eval (eval at <anonymous> (/home/jason/Node/Blog/blog/node_modules/ejs/lib/ejs.js:242:14), <anonymous>:35:37)
    at /home/jason/Node/Blog/blog/node_modules/ejs/lib/ejs.js:255:15
    at Object.exports.render (/home/jason/Node/Blog/blog/node_modules/ejs/lib/ejs.js:293:13)
    at View.exports.renderFile [as engine] (/home/jason/Node/Blog/blog/node_modules/ejs/lib/ejs.js:323:20)
    at View.render (/home/jason/Node/Blog/blog/node_modules/express/lib/view.js:76:8)
    at Function.app.render (/home/jason/Node/Blog/blog/node_modules/express/lib/application.js:500:10)
    at ServerResponse.res.render (/home/jason/Node/Blog/blog/node_modules/express/lib/response.js:821:7)
[Wed Jun 04 2014 14:19:16 GMT+0800 (CST)]/u/baiyu
TypeError: /home/jason/Node/Blog/blog/views/user.ejs:12
    10|          <% })} %>
    11|          <% if(post.reprint_info && post.reprint_info.reprint_from) { %>
 >> 12|              <br/><a href="/u/<%= post.reprint_info.reprint_from.name %>/<%= post.reprint_info.reprint_from.time.day %>/<%= post.reprint_info.reprint_from.title%>">source article</a>
    13|          <% } %>
    14|      </p>
    15|      <%- post.post %>

Cannot read property 'day' of undefined
    at buf.push.
.buf (eval at <anonymous> (/home/jason/Node/Blog/blog/node_modules/ejs/lib/ejs.js:242:14), <anonymous>:31:1043)
    at Array.forEach (native)
    at eval (eval at <anonymous> (/home/jason/Node/Blog/blog/node_modules/ejs/lib/ejs.js:242:14), <anonymous>:31:70)
    at eval (eval at <anonymous> (/home/jason/Node/Blog/blog/node_modules/ejs/lib/ejs.js:242:14), <anonymous>:35:37)
    at /home/jason/Node/Blog/blog/node_modules/ejs/lib/ejs.js:255:15
    at Object.exports.render (/home/jason/Node/Blog/blog/node_modules/ejs/lib/ejs.js:293:13)
    at View.exports.renderFile [as engine] (/home/jason/Node/Blog/blog/node_modules/ejs/lib/ejs.js:323:20)
    at View.render (/home/jason/Node/Blog/blog/node_modules/express/lib/view.js:76:8)
    at Function.app.render (/home/jason/Node/Blog/blog/node_modules/express/lib/application.js:500:10)
    at ServerResponse.res.render (/home/jason/Node/Blog/blog/node_modules/express/lib/response.js:821:7)
[Wed Jun 04 2014 14:24:51 GMT+0800 (CST)]/u/baiyu
TypeError: /home/jason/Node/Blog/blog/views/user.ejs:12
    10|          <% })} %>
    11|          <% if(post.reprint_info && post.reprint_info.reprint_from) { %>
 >> 12|              <br/><a href="/u/<%= post.reprint_info.reprint_from.name %>/<%= post.reprint_info.reprint_from.time.day %>/<%= post.reprint_info.reprint_from.title%>">source article</a>
    13|          <% } %>
    14|      </p>
    15|      <%- post.post %>

Cannot read property 'day' of undefined
    at buf.push.
.buf (eval at <anonymous> (/home/jason/Node/Blog/blog/node_modules/ejs/lib/ejs.js:242:14), <anonymous>:31:1043)
    at Array.forEach (native)
    at eval (eval at <anonymous> (/home/jason/Node/Blog/blog/node_modules/ejs/lib/ejs.js:242:14), <anonymous>:31:70)
    at eval (eval at <anonymous> (/home/jason/Node/Blog/blog/node_modules/ejs/lib/ejs.js:242:14), <anonymous>:35:37)
    at /home/jason/Node/Blog/blog/node_modules/ejs/lib/ejs.js:255:15
    at Object.exports.render (/home/jason/Node/Blog/blog/node_modules/ejs/lib/ejs.js:293:13)
    at View.exports.renderFile [as engine] (/home/jason/Node/Blog/blog/node_modules/ejs/lib/ejs.js:323:20)
    at View.render (/home/jason/Node/Blog/blog/node_modules/express/lib/view.js:76:8)
    at Function.app.render (/home/jason/Node/Blog/blog/node_modules/express/lib/application.js:500:10)
    at ServerResponse.res.render (/home/jason/Node/Blog/blog/node_modules/express/lib/response.js:821:7)
[Wed Jun 04 2014 14:25:59 GMT+0800 (CST)]/u/baiyu
TypeError: /home/jason/Node/Blog/blog/views/user.ejs:12
    10|          <% })} %>
    11|          <% if(post.reprint_info && post.reprint_info.reprint_from) { %>
 >> 12|              <br/><a href="/u/<%= post.reprint_info.reprint_from.name %>/<%= post.reprint_info.reprint_from.time.day %>/<%= post.reprint_info.reprint_from.title%>">source article</a>
    13|          <% } %>
    14|      </p>
    15|      <%- post.post %>

Cannot read property 'day' of undefined
    at buf.push.
.buf (eval at <anonymous> (/home/jason/Node/Blog/blog/node_modules/ejs/lib/ejs.js:242:14), <anonymous>:31:1043)
    at Array.forEach (native)
    at eval (eval at <anonymous> (/home/jason/Node/Blog/blog/node_modules/ejs/lib/ejs.js:242:14), <anonymous>:31:70)
    at eval (eval at <anonymous> (/home/jason/Node/Blog/blog/node_modules/ejs/lib/ejs.js:242:14), <anonymous>:35:37)
    at /home/jason/Node/Blog/blog/node_modules/ejs/lib/ejs.js:255:15
    at Object.exports.render (/home/jason/Node/Blog/blog/node_modules/ejs/lib/ejs.js:293:13)
    at View.exports.renderFile [as engine] (/home/jason/Node/Blog/blog/node_modules/ejs/lib/ejs.js:323:20)
    at View.render (/home/jason/Node/Blog/blog/node_modules/express/lib/view.js:76:8)
    at Function.app.render (/home/jason/Node/Blog/blog/node_modules/express/lib/application.js:500:10)
    at ServerResponse.res.render (/home/jason/Node/Blog/blog/node_modules/express/lib/response.js:821:7)
[Wed Jun 04 2014 14:26:12 GMT+0800 (CST)]/u/baiyu
TypeError: /home/jason/Node/Blog/blog/views/user.ejs:12
    10|          <% })} %>
    11|          <% if(post.reprint_info && post.reprint_info.reprint_from) { %>
 >> 12|              <br/><a href="/u/<%= post.reprint_info.reprint_from.name %>/<%= post.reprint_info.reprint_from.time.day %>/<%= post.reprint_info.reprint_from.title%>">source article</a>
    13|          <% } %>
    14|      </p>
    15|      <%- post.post %>

Cannot read property 'day' of undefined
    at buf.push.
.buf (eval at <anonymous> (/home/jason/Node/Blog/blog/node_modules/ejs/lib/ejs.js:242:14), <anonymous>:31:1043)
    at Array.forEach (native)
    at eval (eval at <anonymous> (/home/jason/Node/Blog/blog/node_modules/ejs/lib/ejs.js:242:14), <anonymous>:31:70)
    at eval (eval at <anonymous> (/home/jason/Node/Blog/blog/node_modules/ejs/lib/ejs.js:242:14), <anonymous>:35:37)
    at /home/jason/Node/Blog/blog/node_modules/ejs/lib/ejs.js:255:15
    at Object.exports.render (/home/jason/Node/Blog/blog/node_modules/ejs/lib/ejs.js:293:13)
    at View.exports.renderFile [as engine] (/home/jason/Node/Blog/blog/node_modules/ejs/lib/ejs.js:323:20)
    at View.render (/home/jason/Node/Blog/blog/node_modules/express/lib/view.js:76:8)
    at Function.app.render (/home/jason/Node/Blog/blog/node_modules/express/lib/application.js:500:10)
    at ServerResponse.res.render (/home/jason/Node/Blog/blog/node_modules/express/lib/response.js:821:7)
[Wed Jun 04 2014 14:26:30 GMT+0800 (CST)]/u/baiyu
TypeError: /home/jason/Node/Blog/blog/views/user.ejs:12
    10|          <% })} %>
    11|          <% if(post.reprint_info && post.reprint_info.reprint_from) { %>
 >> 12|              <br/><a href="/u/<%= post.reprint_info.reprint_from.name %>/<%= post.reprint_info.reprint_from.time.day %>/<%= post.reprint_info.reprint_from.title%>">source article</a>
    13|          <% } %>
    14|      </p>
    15|      <%- post.post %>

Cannot read property 'day' of undefined
    at buf.push.
.buf (eval at <anonymous> (/home/jason/Node/Blog/blog/node_modules/ejs/lib/ejs.js:242:14), <anonymous>:31:1043)
    at Array.forEach (native)
    at eval (eval at <anonymous> (/home/jason/Node/Blog/blog/node_modules/ejs/lib/ejs.js:242:14), <anonymous>:31:70)
    at eval (eval at <anonymous> (/home/jason/Node/Blog/blog/node_modules/ejs/lib/ejs.js:242:14), <anonymous>:35:37)
    at /home/jason/Node/Blog/blog/node_modules/ejs/lib/ejs.js:255:15
    at Object.exports.render (/home/jason/Node/Blog/blog/node_modules/ejs/lib/ejs.js:293:13)
    at View.exports.renderFile [as engine] (/home/jason/Node/Blog/blog/node_modules/ejs/lib/ejs.js:323:20)
    at View.render (/home/jason/Node/Blog/blog/node_modules/express/lib/view.js:76:8)
    at Function.app.render (/home/jason/Node/Blog/blog/node_modules/express/lib/application.js:500:10)
    at ServerResponse.res.render (/home/jason/Node/Blog/blog/node_modules/express/lib/response.js:821:7)
